<?xml version="1.0" encoding="UTF-8"?>
<!-- Generated by org.testng.reporters.JUnitReportReporter -->
<testsuite hostname="DESKTOP-H77ART5" failures="0" tests="1" name="Academy.homepage" time="13.835" errors="0" timestamp="10 Oct 2019 12:46:04 GMT" skipped="0">
  <testcase classname="Academy.homepage" name="basepagenav" time="13.835"/>
</testsuite> <!-- Academy.homepage -->
