<?xml version="1.0" encoding="UTF-8"?>
<!-- Generated by org.testng.reporters.JUnitReportReporter -->
<testsuite hostname="DESKTOP-H77ART5" failures="0" tests="1" name="Academy.homepage" time="5.871" errors="0" timestamp="11 Oct 2019 11:55:35 GMT">
  <testcase classname="Academy.homepage" name="basepagenav" time="5.871"/>
</testsuite> <!-- Academy.homepage -->
